{"/home/Docs01/Pages/src/schemas/content.ts": {"path":"/home/Docs01/Pages/src/schemas/content.ts","statementMap":{"0":{"start":{"line":4,"column":31},"end":{"line":4,"column":null}},"1":{"start":{"line":7,"column":27},"end":{"line":17,"column":null}},"2":{"start":{"line":20,"column":30},"end":{"line":40,"column":null}},"3":{"start":{"line":31,"column":21},"end":{"line":31,"column":null}},"4":{"start":{"line":43,"column":29},"end":{"line":67,"column":null}},"5":{"start":{"line":62,"column":14},"end":{"line":62,"column":null}},"6":{"start":{"line":70,"column":26},"end":{"line":76,"column":null}}},"fnMap":{"0":{"name":"(anonymous_0)","decl":{"start":{"line":31,"column":14},"end":{"line":31,"column":21}},"loc":{"start":{"line":31,"column":21},"end":{"line":31,"column":null}},"line":31},"1":{"name":"(anonymous_1)","decl":{"start":{"line":62,"column":4},"end":{"line":62,"column":5}},"loc":{"start":{"line":62,"column":14},"end":{"line":62,"column":null}},"line":62}},"branchMap":{"0":{"loc":{"start":{"line":62,"column":14},"end":{"line":62,"column":null}},"type":"binary-expr","locations":[{"start":{"line":62,"column":14},"end":{"line":62,"column":29}},{"start":{"line":62,"column":29},"end":{"line":62,"column":null}}],"line":62}},"s":{"0":2,"1":2,"2":2,"3":4,"4":2,"5":14,"6":2},"f":{"0":4,"1":14},"b":{"0":[14,2]},"meta":{"lastBranch":1,"lastFunction":2,"lastStatement":7,"seen":{"s:4:31:4:Infinity":0,"s:7:27:17:Infinity":1,"s:20:30:40:Infinity":2,"f:31:14:31:21":0,"s:31:21:31:Infinity":3,"s:43:29:67:Infinity":4,"f:62:4:62:5":1,"s:62:14:62:Infinity":5,"b:62:14:62:29:62:29:62:Infinity":0,"s:70:26:76:Infinity":6}}}
,"/home/Docs01/Pages/src/utils/formatDate.ts": {"path":"/home/Docs01/Pages/src/utils/formatDate.ts","statementMap":{"0":{"start":{"line":2,"column":2},"end":{"line":6,"column":null}},"1":{"start":{"line":10,"column":2},"end":{"line":14,"column":null}}},"fnMap":{"0":{"name":"formatDate","decl":{"start":{"line":1,"column":16},"end":{"line":1,"column":27}},"loc":{"start":{"line":1,"column":47},"end":{"line":7,"column":null}},"line":1},"1":{"name":"formatDateShort","decl":{"start":{"line":9,"column":16},"end":{"line":9,"column":32}},"loc":{"start":{"line":9,"column":52},"end":{"line":15,"column":null}},"line":9}},"branchMap":{},"s":{"0":12,"1":17},"f":{"0":12,"1":17},"b":{},"meta":{"lastBranch":0,"lastFunction":2,"lastStatement":2,"seen":{"f:1:16:1:27":0,"s:2:2:6:Infinity":0,"f:9:16:9:32":1,"s:10:2:14:Infinity":1}}}
,"/home/Docs01/Pages/src/utils/readingTime.ts": {"path":"/home/Docs01/Pages/src/utils/readingTime.ts","statementMap":{"0":{"start":{"line":2,"column":25},"end":{"line":2,"column":null}},"1":{"start":{"line":3,"column":16},"end":{"line":3,"column":null}},"2":{"start":{"line":4,"column":18},"end":{"line":4,"column":null}},"3":{"start":{"line":5,"column":2},"end":{"line":5,"column":null}}},"fnMap":{"0":{"name":"getReadingTime","decl":{"start":{"line":1,"column":16},"end":{"line":1,"column":31}},"loc":{"start":{"line":1,"column":56},"end":{"line":6,"column":null}},"line":1}},"branchMap":{},"s":{"0":25,"1":25,"2":25,"3":25},"f":{"0":25},"b":{},"meta":{"lastBranch":0,"lastFunction":1,"lastStatement":4,"seen":{"f:1:16:1:31":0,"s:2:25:2:Infinity":0,"s:3:16:3:Infinity":1,"s:4:18:4:Infinity":2,"s:5:2:5:Infinity":3}}}
}
