{"/home/Docs01/ProjectsGem/Tattocaro/src/utils/formatDate.ts": {"path":"/home/Docs01/ProjectsGem/Tattocaro/src/utils/formatDate.ts","statementMap":{"0":{"start":{"line":2,"column":2},"end":{"line":6,"column":null}},"1":{"start":{"line":10,"column":2},"end":{"line":14,"column":null}}},"fnMap":{"0":{"name":"formatDate","decl":{"start":{"line":1,"column":16},"end":{"line":1,"column":27}},"loc":{"start":{"line":1,"column":47},"end":{"line":7,"column":null}},"line":1},"1":{"name":"formatDateShort","decl":{"start":{"line":9,"column":16},"end":{"line":9,"column":32}},"loc":{"start":{"line":9,"column":52},"end":{"line":15,"column":null}},"line":9}},"branchMap":{},"s":{"0":12,"1":17},"f":{"0":12,"1":17},"b":{},"meta":{"lastBranch":0,"lastFunction":2,"lastStatement":2,"seen":{"f:1:16:1:27":0,"s:2:2:6:Infinity":0,"f:9:16:9:32":1,"s:10:2:14:Infinity":1}}}
,"/home/Docs01/ProjectsGem/Tattocaro/src/utils/readingTime.ts": {"path":"/home/Docs01/ProjectsGem/Tattocaro/src/utils/readingTime.ts","statementMap":{"0":{"start":{"line":2,"column":25},"end":{"line":2,"column":null}},"1":{"start":{"line":3,"column":16},"end":{"line":3,"column":null}},"2":{"start":{"line":4,"column":18},"end":{"line":4,"column":null}},"3":{"start":{"line":5,"column":2},"end":{"line":5,"column":null}}},"fnMap":{"0":{"name":"getReadingTime","decl":{"start":{"line":1,"column":16},"end":{"line":1,"column":31}},"loc":{"start":{"line":1,"column":56},"end":{"line":6,"column":null}},"line":1}},"branchMap":{},"s":{"0":25,"1":25,"2":25,"3":25},"f":{"0":25},"b":{},"meta":{"lastBranch":0,"lastFunction":1,"lastStatement":4,"seen":{"f:1:16:1:31":0,"s:2:25:2:Infinity":0,"s:3:16:3:Infinity":1,"s:4:18:4:Infinity":2,"s:5:2:5:Infinity":3}}}
}
