TN:
SF:src/schemas/content.ts
FN:31,(anonymous_0)
FN:62,(anonymous_1)
FNF:2
FNH:2
FNDA:4,(anonymous_0)
FNDA:14,(anonymous_1)
DA:4,2
DA:7,2
DA:20,2
DA:31,4
DA:43,2
DA:62,14
DA:70,2
LF:7
LH:7
BRDA:62,0,0,14
BRDA:62,0,1,2
BRF:2
BRH:2
end_of_record
TN:
SF:src/utils/formatDate.ts
FN:1,formatDate
FN:9,formatDateShort
FNF:2
FNH:2
FNDA:12,formatDate
FNDA:17,formatDateShort
DA:2,12
DA:10,17
LF:2
LH:2
BRF:0
BRH:0
end_of_record
TN:
SF:src/utils/readingTime.ts
FN:1,getReadingTime
FNF:1
FNH:1
FNDA:25,getReadingTime
DA:2,25
DA:3,25
DA:4,25
DA:5,25
LF:4
LH:4
BRF:0
BRH:0
end_of_record
